{"uuid":"23151329-e360-4391-a590-16e8a9d0847c","historyId":"11355c600496f70e5dc605b3a6447a02","testCaseId":"6c3773f3e3ce3da6d9f5d018b9c49153","fullName":"src/test/java/lazada/features/login.feature:11","labels":[{"name":"tag","value":"abc1"},{"name":"host","value":"Ngocs-MacBook-Pro.local"},{"name":"thread","value":"40226@Ngocs-MacBook-Pro.local.main(1)"},{"name":"feature","value":"Login"},{"name":"story","value":"User login success with invalid account"},{"name":"suite","value":"Login"},{"name":"testClass","value":"User login success with invalid account"},{"name":"framework","value":"cucumber4jvm"},{"name":"language","value":"java"},{"name":"gherkin_uri","value":"file:///Users/ngocdoan/Documents/NgocSelenium/src/test/java/lazada/features/login.feature"},{"name":"package","value":"src.test.java.lazada.features.login_feature.Login"}],"links":[],"name":"User login success with invalid account","status":"failed","statusDetails":{"known":false,"muted":false,"flaky":false,"message":"expected [true] but found [false]","trace":"java.lang.AssertionError: expected [true] but found [false]\n\tat org.testng.Assert.fail(Assert.java:111)\n\tat org.testng.Assert.failNotEquals(Assert.java:1578)\n\tat org.testng.Assert.assertTrue(Assert.java:57)\n\tat org.testng.Assert.assertTrue(Assert.java:67)\n\tat lazada.steps.LoginStepWithHook.UserGetError(LoginStepWithHook.java:59)\n\tat ✽.user2 gets error(file:///Users/ngocdoan/Documents/NgocSelenium/src/test/java/lazada/features/login.feature:16)\n"},"stage":"finished","steps":[{"name":"Given user2 directs to login screen","status":"passed","statusDetails":{"known":false,"muted":false,"flaky":false},"stage":"finished","steps":[],"attachments":[],"parameters":[],"start":1734348063456,"stop":1734348065141},{"name":"When user2 enters a invalid email","status":"passed","statusDetails":{"known":false,"muted":false,"flaky":false},"stage":"finished","steps":[],"attachments":[],"parameters":[],"start":1734348065141,"stop":1734348065220},{"name":"And user2 enters a valid password","status":"passed","statusDetails":{"known":false,"muted":false,"flaky":false},"stage":"finished","steps":[],"attachments":[],"parameters":[],"start":1734348065220,"stop":1734348065252},{"name":"And user2 clicks Submit button","status":"passed","statusDetails":{"known":false,"muted":false,"flaky":false},"stage":"finished","steps":[],"attachments":[],"parameters":[],"start":1734348065252,"stop":1734348065679},{"name":"Then user2 gets error","status":"failed","statusDetails":{"known":false,"muted":false,"flaky":false,"message":"expected [true] but found [false]","trace":"java.lang.AssertionError: expected [true] but found [false]\n\tat org.testng.Assert.fail(Assert.java:111)\n\tat org.testng.Assert.failNotEquals(Assert.java:1578)\n\tat org.testng.Assert.assertTrue(Assert.java:57)\n\tat org.testng.Assert.assertTrue(Assert.java:67)\n\tat lazada.steps.LoginStepWithHook.UserGetError(LoginStepWithHook.java:59)\n\tat ✽.user2 gets error(file:///Users/ngocdoan/Documents/NgocSelenium/src/test/java/lazada/features/login.feature:16)\n"},"stage":"finished","steps":[],"attachments":[],"parameters":[],"start":1734348065679,"stop":1734348065723}],"attachments":[],"parameters":[],"start":1734348062105,"stop":1734348065944}