{"uuid":"78f6a4b2-30dd-4e2c-9d01-497ec86249e2","historyId":"11355c600496f70e5dc605b3a6447a02","testCaseId":"6c3773f3e3ce3da6d9f5d018b9c49153","fullName":"src/test/java/lazada/features/login.feature:11","labels":[{"name":"tag","value":"abc1"},{"name":"host","value":"Ngocs-MacBook-Pro.local"},{"name":"thread","value":"40424@Ngocs-MacBook-Pro.local.main(1)"},{"name":"feature","value":"Login"},{"name":"story","value":"User login success with invalid account"},{"name":"suite","value":"Login"},{"name":"testClass","value":"User login success with invalid account"},{"name":"framework","value":"cucumber4jvm"},{"name":"language","value":"java"},{"name":"gherkin_uri","value":"file:///Users/ngocdoan/Documents/NgocSelenium/src/test/java/lazada/features/login.feature"},{"name":"package","value":"src.test.java.lazada.features.login_feature.Login"}],"links":[],"name":"User login success with invalid account","status":"failed","statusDetails":{"known":false,"muted":false,"flaky":false,"message":"expected [true] but found [false]","trace":"java.lang.AssertionError: expected [true] but found [false]\n\tat org.testng.Assert.fail(Assert.java:111)\n\tat org.testng.Assert.failNotEquals(Assert.java:1578)\n\tat org.testng.Assert.assertTrue(Assert.java:57)\n\tat org.testng.Assert.assertTrue(Assert.java:67)\n\tat lazada.steps.LoginStepWithHook.UserGetError(LoginStepWithHook.java:59)\n\tat ✽.user2 gets error(file:///Users/ngocdoan/Documents/NgocSelenium/src/test/java/lazada/features/login.feature:16)\n"},"stage":"finished","steps":[{"name":"Given user2 directs to login screen","status":"passed","statusDetails":{"known":false,"muted":false,"flaky":false},"stage":"finished","steps":[],"attachments":[],"parameters":[],"start":1734348704486,"stop":1734348706818},{"name":"When user2 enters a invalid email","status":"passed","statusDetails":{"known":false,"muted":false,"flaky":false},"stage":"finished","steps":[],"attachments":[],"parameters":[],"start":1734348706818,"stop":1734348706908},{"name":"And user2 enters a valid password","status":"passed","statusDetails":{"known":false,"muted":false,"flaky":false},"stage":"finished","steps":[],"attachments":[],"parameters":[],"start":1734348706908,"stop":1734348706939},{"name":"And user2 clicks Submit button","status":"passed","statusDetails":{"known":false,"muted":false,"flaky":false},"stage":"finished","steps":[],"attachments":[],"parameters":[],"start":1734348706940,"stop":1734348707367},{"name":"Then user2 gets error","status":"failed","statusDetails":{"known":false,"muted":false,"flaky":false,"message":"expected [true] but found [false]","trace":"java.lang.AssertionError: expected [true] but found [false]\n\tat org.testng.Assert.fail(Assert.java:111)\n\tat org.testng.Assert.failNotEquals(Assert.java:1578)\n\tat org.testng.Assert.assertTrue(Assert.java:57)\n\tat org.testng.Assert.assertTrue(Assert.java:67)\n\tat lazada.steps.LoginStepWithHook.UserGetError(LoginStepWithHook.java:59)\n\tat ✽.user2 gets error(file:///Users/ngocdoan/Documents/NgocSelenium/src/test/java/lazada/features/login.feature:16)\n"},"stage":"finished","steps":[],"attachments":[],"parameters":[],"start":1734348707367,"stop":1734348707406}],"attachments":[],"parameters":[],"start":1734348703184,"stop":1734348707609}