{"uuid":"850d9ed1-1dc3-4085-8dc7-218871dfe2f5","historyId":"11355c600496f70e5dc605b3a6447a02","testCaseId":"6c3773f3e3ce3da6d9f5d018b9c49153","fullName":"src/test/java/lazada/features/login.feature:11","labels":[{"name":"tag","value":"abc1"},{"name":"host","value":"Ngocs-MacBook-Pro.local"},{"name":"thread","value":"39077@Ngocs-MacBook-Pro.local.main(1)"},{"name":"feature","value":"Login"},{"name":"story","value":"User login success with invalid account"},{"name":"suite","value":"Login"},{"name":"testClass","value":"User login success with invalid account"},{"name":"framework","value":"cucumber4jvm"},{"name":"language","value":"java"},{"name":"gherkin_uri","value":"file:///Users/ngocdoan/Documents/NgocSelenium/src/test/java/lazada/features/login.feature"},{"name":"package","value":"src.test.java.lazada.features.login_feature.Login"}],"links":[],"name":"User login success with invalid account","status":"failed","statusDetails":{"known":false,"muted":false,"flaky":false,"message":"expected [true] but found [false]","trace":"java.lang.AssertionError: expected [true] but found [false]\n\tat org.testng.Assert.fail(Assert.java:111)\n\tat org.testng.Assert.failNotEquals(Assert.java:1578)\n\tat org.testng.Assert.assertTrue(Assert.java:57)\n\tat org.testng.Assert.assertTrue(Assert.java:67)\n\tat lazada.steps.LoginStepWithHook.UserGetError(LoginStepWithHook.java:58)\n\tat ✽.user2 gets error(file:///Users/ngocdoan/Documents/NgocSelenium/src/test/java/lazada/features/login.feature:16)\n"},"stage":"finished","steps":[{"name":"Given user2 directs to login screen","status":"passed","statusDetails":{"known":false,"muted":false,"flaky":false},"stage":"finished","steps":[],"attachments":[],"parameters":[],"start":1734328802202,"stop":1734328812619},{"name":"When user2 enters a invalid email","status":"passed","statusDetails":{"known":false,"muted":false,"flaky":false},"stage":"finished","steps":[],"attachments":[],"parameters":[],"start":1734328812619,"stop":1734328812713},{"name":"And user2 enters a valid password","status":"passed","statusDetails":{"known":false,"muted":false,"flaky":false},"stage":"finished","steps":[],"attachments":[],"parameters":[],"start":1734328812713,"stop":1734328812745},{"name":"And user2 clicks Submit button","status":"passed","statusDetails":{"known":false,"muted":false,"flaky":false},"stage":"finished","steps":[],"attachments":[],"parameters":[],"start":1734328812745,"stop":1734328813000},{"name":"Then user2 gets error","status":"failed","statusDetails":{"known":false,"muted":false,"flaky":false,"message":"expected [true] but found [false]","trace":"java.lang.AssertionError: expected [true] but found [false]\n\tat org.testng.Assert.fail(Assert.java:111)\n\tat org.testng.Assert.failNotEquals(Assert.java:1578)\n\tat org.testng.Assert.assertTrue(Assert.java:57)\n\tat org.testng.Assert.assertTrue(Assert.java:67)\n\tat lazada.steps.LoginStepWithHook.UserGetError(LoginStepWithHook.java:58)\n\tat ✽.user2 gets error(file:///Users/ngocdoan/Documents/NgocSelenium/src/test/java/lazada/features/login.feature:16)\n"},"stage":"finished","steps":[],"attachments":[],"parameters":[],"start":1734328813000,"stop":1734328813250}],"attachments":[],"parameters":[],"start":1734328800834,"stop":1734328813481}