{"uuid":"e25f3b06-0a3e-44c9-9842-4a556de217fc","historyId":"11355c600496f70e5dc605b3a6447a02","testCaseId":"69df9fe3aa304099f7e5c747de415eb7","fullName":"src/test/java/lazada/features/login.feature:11","labels":[{"name":"tag","value":"abc2"},{"name":"host","value":"Ngocs-MacBook-Pro.local"},{"name":"thread","value":"34585@Ngocs-MacBook-Pro.local.main(1)"},{"name":"feature","value":"Login"},{"name":"story","value":"User login success with valid email and password"},{"name":"suite","value":"Login"},{"name":"testClass","value":"User login success with valid email and password"},{"name":"framework","value":"cucumber4jvm"},{"name":"language","value":"java"},{"name":"gherkin_uri","value":"file:///Users/ngocdoan/Documents/NgocSelenium/src/test/java/lazada/features/login.feature"},{"name":"package","value":"src.test.java.lazada.features.login_feature.Login"}],"links":[],"name":"User login success with valid email and password","status":"failed","statusDetails":{"known":false,"muted":false,"flaky":false,"message":"expected [false] but found [true]","trace":"java.lang.AssertionError: expected [false] but found [true]\n\tat org.testng.Assert.fail(Assert.java:111)\n\tat org.testng.Assert.failNotEquals(Assert.java:1578)\n\tat org.testng.Assert.assertFalse(Assert.java:79)\n\tat org.testng.Assert.assertFalse(Assert.java:89)\n\tat lazada.steps.LoginStepWithHook.userShouldBeOnMyAccountPage(LoginStepWithHook.java:47)\n\tat ✽.user2 should be on My Account page(file:///Users/ngocdoan/Documents/NgocSelenium/src/test/java/lazada/features/login.feature:16)\n"},"stage":"finished","steps":[{"name":"Given user2 directs to login screen","status":"passed","statusDetails":{"known":false,"muted":false,"flaky":false},"stage":"finished","steps":[],"attachments":[],"parameters":[],"start":1734066969807,"stop":1734066971374},{"name":"When user2 enters a valid email","status":"passed","statusDetails":{"known":false,"muted":false,"flaky":false},"stage":"finished","steps":[],"attachments":[],"parameters":[],"start":1734066971374,"stop":1734066971451},{"name":"And user2 enters a valid password","status":"passed","statusDetails":{"known":false,"muted":false,"flaky":false},"stage":"finished","steps":[],"attachments":[],"parameters":[],"start":1734066971451,"stop":1734066971483},{"name":"And user2 clicks Submit button","status":"passed","statusDetails":{"known":false,"muted":false,"flaky":false},"stage":"finished","steps":[],"attachments":[],"parameters":[],"start":1734066971483,"stop":1734066976370},{"name":"Then user2 should be on My Account page","status":"failed","statusDetails":{"known":false,"muted":false,"flaky":false,"message":"expected [false] but found [true]","trace":"java.lang.AssertionError: expected [false] but found [true]\n\tat org.testng.Assert.fail(Assert.java:111)\n\tat org.testng.Assert.failNotEquals(Assert.java:1578)\n\tat org.testng.Assert.assertFalse(Assert.java:79)\n\tat org.testng.Assert.assertFalse(Assert.java:89)\n\tat lazada.steps.LoginStepWithHook.userShouldBeOnMyAccountPage(LoginStepWithHook.java:47)\n\tat ✽.user2 should be on My Account page(file:///Users/ngocdoan/Documents/NgocSelenium/src/test/java/lazada/features/login.feature:16)\n"},"stage":"finished","steps":[],"attachments":[],"parameters":[],"start":1734066976370,"stop":1734066976392}],"attachments":[],"parameters":[],"start":1734066968435,"stop":1734066976741}