{"uid":"51b2e1a71ad023c4","name":"User login success with invalid account","fullName":"src/test/java/lazada/features/login.feature:11","historyId":"11355c600496f70e5dc605b3a6447a02","time":{"start":1734348721385,"stop":1734348725077,"duration":3692},"status":"failed","statusMessage":"expected [true] but found [false]","statusTrace":"java.lang.AssertionError: expected [true] but found [false]\n\tat org.testng.Assert.fail(Assert.java:111)\n\tat org.testng.Assert.failNotEquals(Assert.java:1578)\n\tat org.testng.Assert.assertTrue(Assert.java:57)\n\tat org.testng.Assert.assertTrue(Assert.java:67)\n\tat lazada.steps.LoginStepWithHook.UserGetError(LoginStepWithHook.java:59)\n\tat ✽.user2 gets error(file:///Users/ngocdoan/Documents/NgocSelenium/src/test/java/lazada/features/login.feature:16)\n","flaky":false,"newFailed":false,"newBroken":false,"newPassed":false,"retriesCount":17,"retriesStatusChange":true,"beforeStages":[{"name":"lazada.steps.Hooks.setup()","time":{"start":1734348721386,"stop":1734348722654,"duration":1268},"status":"passed","steps":[],"attachments":[],"parameters":[],"stepsCount":0,"hasContent":false,"shouldDisplayMessage":false,"attachmentsCount":0,"attachmentStep":false}],"testStage":{"status":"failed","statusMessage":"expected [true] but found [false]","statusTrace":"java.lang.AssertionError: expected [true] but found [false]\n\tat org.testng.Assert.fail(Assert.java:111)\n\tat org.testng.Assert.failNotEquals(Assert.java:1578)\n\tat org.testng.Assert.assertTrue(Assert.java:57)\n\tat org.testng.Assert.assertTrue(Assert.java:67)\n\tat lazada.steps.LoginStepWithHook.UserGetError(LoginStepWithHook.java:59)\n\tat ✽.user2 gets error(file:///Users/ngocdoan/Documents/NgocSelenium/src/test/java/lazada/features/login.feature:16)\n","steps":[{"name":"Given user2 directs to login screen","time":{"start":1734348722685,"stop":1734348724306,"duration":1621},"status":"passed","steps":[],"attachments":[],"parameters":[],"stepsCount":0,"hasContent":false,"shouldDisplayMessage":false,"attachmentsCount":0,"attachmentStep":false},{"name":"When user2 enters a invalid email","time":{"start":1734348724306,"stop":1734348724382,"duration":76},"status":"passed","steps":[],"attachments":[],"parameters":[],"stepsCount":0,"hasContent":false,"shouldDisplayMessage":false,"attachmentsCount":0,"attachmentStep":false},{"name":"And user2 enters a valid password","time":{"start":1734348724382,"stop":1734348724414,"duration":32},"status":"passed","steps":[],"attachments":[],"parameters":[],"stepsCount":0,"hasContent":false,"shouldDisplayMessage":false,"attachmentsCount":0,"attachmentStep":false},{"name":"And user2 clicks Submit button","time":{"start":1734348724414,"stop":1734348724830,"duration":416},"status":"passed","steps":[],"attachments":[],"parameters":[],"stepsCount":0,"hasContent":false,"shouldDisplayMessage":false,"attachmentsCount":0,"attachmentStep":false},{"name":"Then user2 gets error","time":{"start":1734348724830,"stop":1734348724869,"duration":39},"status":"failed","statusMessage":"expected [true] but found [false]","statusTrace":"java.lang.AssertionError: expected [true] but found [false]\n\tat org.testng.Assert.fail(Assert.java:111)\n\tat org.testng.Assert.failNotEquals(Assert.java:1578)\n\tat org.testng.Assert.assertTrue(Assert.java:57)\n\tat org.testng.Assert.assertTrue(Assert.java:67)\n\tat lazada.steps.LoginStepWithHook.UserGetError(LoginStepWithHook.java:59)\n\tat ✽.user2 gets error(file:///Users/ngocdoan/Documents/NgocSelenium/src/test/java/lazada/features/login.feature:16)\n","steps":[],"attachments":[],"parameters":[],"stepsCount":0,"hasContent":true,"shouldDisplayMessage":true,"attachmentsCount":0,"attachmentStep":false}],"attachments":[],"parameters":[],"stepsCount":5,"hasContent":true,"shouldDisplayMessage":false,"attachmentsCount":0,"attachmentStep":false},"afterStages":[{"name":"lazada.steps.Hooks.tearDown(io.cucumber.java.Scenario)","time":{"start":1734348724869,"stop":1734348725076,"duration":207},"status":"passed","steps":[],"attachments":[{"uid":"4cabdd2816e4d93e","name":"Screenshot","source":"4cabdd2816e4d93e.png","type":"image/png","size":48223}],"parameters":[],"stepsCount":0,"hasContent":true,"shouldDisplayMessage":false,"attachmentsCount":1,"attachmentStep":false}],"labels":[{"name":"tag","value":"abc1"},{"name":"host","value":"Ngocs-MacBook-Pro.local"},{"name":"thread","value":"40458@Ngocs-MacBook-Pro.local.main(1)"},{"name":"feature","value":"Login"},{"name":"story","value":"User login success with invalid account"},{"name":"suite","value":"Login"},{"name":"testClass","value":"User login success with invalid account"},{"name":"framework","value":"cucumber4jvm"},{"name":"language","value":"java"},{"name":"gherkin_uri","value":"file:///Users/ngocdoan/Documents/NgocSelenium/src/test/java/lazada/features/login.feature"},{"name":"package","value":"src.test.java.lazada.features.login_feature.Login"},{"name":"resultFormat","value":"allure2"}],"parameters":[],"links":[],"hidden":false,"retry":false,"extra":{"severity":"normal","retries":[{"uid":"239fdc46df6fdcd7","status":"failed","statusDetails":"expected [true] but found [false]","time":{"start":1734348703184,"stop":1734348707609,"duration":4425}},{"uid":"c384e173e55be1e9","status":"failed","statusDetails":"expected [true] but found [false]","time":{"start":1734348693812,"stop":1734348697622,"duration":3810}},{"uid":"9823470509f0e6c7","status":"failed","statusDetails":"expected [true] but found [false]","time":{"start":1734348541741,"stop":1734348549386,"duration":7645}},{"uid":"78d73b0b0e856b76","status":"failed","statusDetails":"expected [true] but found [false]","time":{"start":1734348420570,"stop":1734348424456,"duration":3886}},{"uid":"28f4f4d01ccefb56","status":"failed","statusDetails":"expected [true] but found [false]","time":{"start":1734348062105,"stop":1734348065944,"duration":3839}},{"uid":"979640eef7c4a483","status":"failed","statusDetails":"expected [true] but found [false]","time":{"start":1734347908552,"stop":1734347913070,"duration":4518}},{"uid":"4898a4f2d5907d47","status":"failed","statusDetails":"expected [true] but found [false]","time":{"start":1734345780466,"stop":1734345785169,"duration":4703}},{"uid":"4d738bf0a97a2c0","status":"failed","statusDetails":"expected [true] but found [false]","time":{"start":1734339079940,"stop":1734339084788,"duration":4848}},{"uid":"ab921b0ad4b86064","status":"failed","statusDetails":"expected [true] but found [false]","time":{"start":1734329296252,"stop":1734329301179,"duration":4927}},{"uid":"8262bd213a18490a","status":"failed","statusDetails":"expected [true] but found [false]","time":{"start":1734329033737,"stop":1734329045791,"duration":12054}},{"uid":"24e5536be5d1c7d4","status":"failed","statusDetails":"expected [true] but found [false]","time":{"start":1734328800834,"stop":1734328813481,"duration":12647}},{"uid":"3d57e0802b56c2c7","status":"failed","statusDetails":"expected [true] but found [false]","time":{"start":1734328519833,"stop":1734328581701,"duration":61868}},{"uid":"7728f570e9c37a5a","status":"broken","statusDetails":"no such element: Unable to locate element: {\"method\":\"xpath\",\"selector\":\"//div//p[@text()='Please check your emal and password']\"}\n  (Session info: chrome=131.0.6778.140)\nFor documentation on this error, please visit: https://www.selenium.dev/documentation/webdriver/troubleshooting/errors#no-such-element-exception\nBuild info: version: '4.27.0', revision: 'd6e718d134'\nSystem info: os.name: 'Mac OS X', os.arch: 'aarch64', os.version: '14.7.1', java.version: '21.0.5'\nDriver info: org.openqa.selenium.chrome.ChromeDriver\nCommand: [7097c27fa3c0c75a619d4a529e214468, findElement {using=xpath, value=//div//p[@text()='Please check your emal and password']}]\nCapabilities {acceptInsecureCerts: false, browserName: chrome, browserVersion: 131.0.6778.140, chrome: {chromedriverVersion: 131.0.6778.108 (3b014839fbc..., userDataDir: /var/folders/vv/nv65_9197dx...}, fedcm:accounts: true, goog:chromeOptions: {debuggerAddress: localhost:52391}, networkConnectionEnabled: false, pageLoadStrategy: normal, platformName: mac, proxy: Proxy(), se:cdp: ws://localhost:52391/devtoo..., se:cdpVersion: 131.0.6778.140, setWindowRect: true, strictFileInteractability: false, timeouts: {implicit: 0, pageLoad: 300000, script: 30000}, unhandledPromptBehavior: dismiss and notify, webauthn:extension:credBlob: true, webauthn:extension:largeBlob: true, webauthn:extension:minPinLength: true, webauthn:extension:prf: true, webauthn:virtualAuthenticators: true}\nSession ID: 7097c27fa3c0c75a619d4a529e214468","time":{"start":1734082315644,"stop":1734082349464,"duration":33820}},{"uid":"70cd46667e267bf2","status":"broken","statusDetails":"invalid selector\nfrom javascript error: {\"status\":32,\"value\":\"Unable to locate an element with the xpath expression //div/div/div/p[@text()='Please check your emal and password' because of the following error:\\nSyntaxError: Failed to execute 'evaluate' on 'Document': The string '//div/div/div/p[@text()='Please check your emal and password'' is not a valid XPath expression.\"}\n  (Session info: chrome=131.0.6778.140)\nFor documentation on this error, please visit: https://www.selenium.dev/documentation/webdriver/troubleshooting/errors#invalid-selector-exception\nBuild info: version: '4.27.0', revision: 'd6e718d134'\nSystem info: os.name: 'Mac OS X', os.arch: 'aarch64', os.version: '14.7.1', java.version: '21.0.5'\nDriver info: org.openqa.selenium.chrome.ChromeDriver\nCommand: [487de7148d2466c260b5a94e40d02146, findElement {using=xpath, value=//div/div/div/p[@text()='Please check your emal and password'}]\nCapabilities {acceptInsecureCerts: false, browserName: chrome, browserVersion: 131.0.6778.140, chrome: {chromedriverVersion: 131.0.6778.108 (3b014839fbc..., userDataDir: /var/folders/vv/nv65_9197dx...}, fedcm:accounts: true, goog:chromeOptions: {debuggerAddress: localhost:62377}, networkConnectionEnabled: false, pageLoadStrategy: normal, platformName: mac, proxy: Proxy(), se:cdp: ws://localhost:62377/devtoo..., se:cdpVersion: 131.0.6778.140, setWindowRect: true, strictFileInteractability: false, timeouts: {implicit: 0, pageLoad: 300000, script: 30000}, unhandledPromptBehavior: dismiss and notify, webauthn:extension:credBlob: true, webauthn:extension:largeBlob: true, webauthn:extension:minPinLength: true, webauthn:extension:prf: true, webauthn:virtualAuthenticators: true}\nSession ID: 487de7148d2466c260b5a94e40d02146","time":{"start":1734081523554,"stop":1734081526993,"duration":3439}},{"uid":"554d99b82c19db22","status":"broken","statusDetails":"no such element: Unable to locate element: {\"method\":\"xpath\",\"selector\":\"./div/div/div/p\"}\n  (Session info: chrome=131.0.6778.140)\nFor documentation on this error, please visit: https://www.selenium.dev/documentation/webdriver/troubleshooting/errors#no-such-element-exception\nBuild info: version: '4.27.0', revision: 'd6e718d134'\nSystem info: os.name: 'Mac OS X', os.arch: 'aarch64', os.version: '14.7.1', java.version: '21.0.5'\nDriver info: org.openqa.selenium.chrome.ChromeDriver\nCommand: [2ef89009543a9593628960489c3c4cc7, findElement {using=xpath, value=./div/div/div/p}]\nCapabilities {acceptInsecureCerts: false, browserName: chrome, browserVersion: 131.0.6778.140, chrome: {chromedriverVersion: 131.0.6778.108 (3b014839fbc..., userDataDir: /var/folders/vv/nv65_9197dx...}, fedcm:accounts: true, goog:chromeOptions: {debuggerAddress: localhost:59253}, networkConnectionEnabled: false, pageLoadStrategy: normal, platformName: mac, proxy: Proxy(), se:cdp: ws://localhost:59253/devtoo..., se:cdpVersion: 131.0.6778.140, setWindowRect: true, strictFileInteractability: false, timeouts: {implicit: 0, pageLoad: 300000, script: 30000}, unhandledPromptBehavior: dismiss and notify, webauthn:extension:credBlob: true, webauthn:extension:largeBlob: true, webauthn:extension:minPinLength: true, webauthn:extension:prf: true, webauthn:virtualAuthenticators: true}\nSession ID: 2ef89009543a9593628960489c3c4cc7","time":{"start":1734081058396,"stop":1734081092015,"duration":33619}},{"uid":"8748e7d871c95448","status":"failed","statusDetails":"expected [false] but found [true]","time":{"start":1734066968435,"stop":1734066976741,"duration":8306}},{"uid":"f45307aa1088de98","status":"passed","time":{"start":1734066702815,"stop":1734066710759,"duration":7944}}],"categories":[{"name":"Product defects","matchedStatuses":[],"flaky":false}],"tags":["abc1"]},"source":"51b2e1a71ad023c4.json","parameterValues":[]}